<?xml version="1.0" encoding="UTF-8"?>
<testsuite xmlns:xsi="http://www.w3.org/2001/XMLSchema-instance" xsi:noNamespaceSchemaLocation="https://maven.apache.org/surefire/maven-surefire-plugin/xsd/surefire-test-report-3.0.xsd" version="3.0" name="com.csc340sp23.fam3.Fam3ApplicationTests" time="34.803" tests="1" errors="0" skipped="0" failures="0">
  <properties>
[...]
</properties>
  <testcase name="contextLoads" classname="com.csc340sp23.fam3.Fam3ApplicationTests" time="2.945">
    <system-out><![CDATA[09:02:15.919 [main] DEBUG org.springframework.boot.test.context.SpringBootTestContextBootstrapper -- Neither @ContextConfiguration nor @ContextHierarchy found for test class [Fam3ApplicationTests]: using SpringBootContextLoader
09:02:15.990 [main] DEBUG org.springframework.test.context.support.AbstractContextLoader -- Could not detect default resource locations for test class [com.csc340sp23.fam3.Fam3ApplicationTests]: no resource found for suffixes {-context.xml, Context.groovy}.
09:02:15.993 [main] INFO org.springframework.test.context.support.AnnotationConfigContextLoaderUtils -- Could not detect default configuration classes for test class [com.csc340sp23.fam3.Fam3ApplicationTests]: Fam3ApplicationTests does not declare any static, non-private, non-final, nested classes annotated with @Configuration.
09:02:16.188 [main] DEBUG org.springframework.boot.test.context.SpringBootTestContextBootstrapper -- Using ContextCustomizers for test class [Fam3ApplicationTests]: [ExcludeFilterContextCustomizer, DuplicateJsonObjectContextCustomizer, MockitoContextCustomizer, TestRestTemplateContextCustomizer, DisableObservabilityContextCustomizer, PropertyMappingContextCustomizer, Customizer]
09:02:16.745 [main] DEBUG org.springframework.context.annotation.ClassPathScanningCandidateComponentProvider -- Identified candidate component class: file [H:\다른 컴퓨터\내 iMac\성균관대학교\교환학생\CSC340\workspace\fam\csc340_project_factory_accountability_manager-2ndUseCase\csc340_project_factory_accountability_manager-main\target\classes\com\csc340sp23\fam3\Fam3Application.class]
09:02:16.761 [main] INFO org.springframework.boot.test.context.SpringBootTestContextBootstrapper -- Found @SpringBootConfiguration com.csc340sp23.fam3.Fam3Application for test class com.csc340sp23.fam3.Fam3ApplicationTests
09:02:17.578 [main] DEBUG org.springframework.boot.test.context.SpringBootTestContextBootstrapper -- Using TestExecutionListeners for test class [Fam3ApplicationTests]: [ServletTestExecutionListener, DirtiesContextBeforeModesTestExecutionListener, ApplicationEventsTestExecutionListener, MockitoTestExecutionListener, DependencyInjectionTestExecutionListener, DirtiesContextTestExecutionListener, TransactionalTestExecutionListener, SqlScriptsTestExecutionListener, EventPublishingTestExecutionListener, ResetMocksTestExecutionListener, RestDocsTestExecutionListener, MockRestServiceServerResetTestExecutionListener, MockMvcPrintOnlyOnFailureTestExecutionListener, WebDriverTestExecutionListener, MockWebServiceServerTestExecutionListener]
09:02:17.586 [main] DEBUG org.springframework.test.context.support.AbstractDirtiesContextTestExecutionListener -- Before test class: class [Fam3ApplicationTests], class annotated with @DirtiesContext [false] with mode [null]

  .   ____          _            __ _ _
 /\\ / ___'_ __ _ _(_)_ __  __ _ \ \ \ \
( ( )\___ | '_ | '_| | '_ \/ _` | \ \ \ \
 \\/  ___)| |_)| | | | | || (_| |  ) ) ) )
  '  |____| .__|_| |_|_| |_\__, | / / / /
 =========|_|==============|___/=/_/_/_/
 :: Spring Boot ::       (v3.1.0-SNAPSHOT)

2023-04-18T09:02:19.860+09:00  INFO 99768 --- [           main] c.csc340sp23.fam3.Fam3ApplicationTests   : Starting Fam3ApplicationTests using Java 19.0.2 with PID 99768 (started by 최연서 in H:\다른 컴퓨터\내 iMac\성균관대학교\교환학생\CSC340\workspace\fam\csc340_project_factory_accountability_manager-2ndUseCase\csc340_project_factory_accountability_manager-main)
2023-04-18T09:02:19.865+09:00  INFO 99768 --- [           main] c.csc340sp23.fam3.Fam3ApplicationTests   : No active profile set, falling back to 1 default profile: "default"
2023-04-18T09:02:25.927+09:00  INFO 99768 --- [           main] .s.d.r.c.RepositoryConfigurationDelegate : Bootstrapping Spring Data JPA repositories in DEFAULT mode.
2023-04-18T09:02:26.347+09:00  INFO 99768 --- [           main] .s.d.r.c.RepositoryConfigurationDelegate : Finished Spring Data repository scanning in 358 ms. Found 1 JPA repository interfaces.
2023-04-18T09:02:28.939+09:00  INFO 99768 --- [           main] o.hibernate.jpa.internal.util.LogHelper  : HHH000204: Processing PersistenceUnitInfo [name: default]
2023-04-18T09:02:29.471+09:00  INFO 99768 --- [           main] org.hibernate.Version                    : HHH000412: Hibernate ORM core version 6.2.1.Final
2023-04-18T09:02:29.498+09:00  INFO 99768 --- [           main] org.hibernate.cfg.Environment            : HHH000406: Using bytecode reflection optimizer
2023-04-18T09:02:31.707+09:00  INFO 99768 --- [           main] o.h.b.i.BytecodeProviderInitiator        : HHH000021: Bytecode provider name : bytebuddy
2023-04-18T09:02:32.608+09:00  INFO 99768 --- [           main] o.s.o.j.p.SpringPersistenceUnitInfo      : No LoadTimeWeaver setup: ignoring JPA class transformer
2023-04-18T09:02:32.718+09:00  INFO 99768 --- [           main] com.zaxxer.hikari.HikariDataSource       : HikariPool-1 - Starting...
2023-04-18T09:02:33.860+09:00  INFO 99768 --- [           main] com.zaxxer.hikari.pool.HikariPool        : HikariPool-1 - Added connection com.mysql.cj.jdbc.ConnectionImpl@514377fc
2023-04-18T09:02:33.877+09:00  INFO 99768 --- [           main] com.zaxxer.hikari.HikariDataSource       : HikariPool-1 - Start completed.
2023-04-18T09:02:34.334+09:00  WARN 99768 --- [           main] org.hibernate.dialect.Dialect            : HHH000511: The 5.5.0 version for [org.hibernate.dialect.MySQLDialect] is no longer supported, hence certain features may not work properly. The minimum supported version is 5.7.0. Check the community dialects project for available legacy versions.
2023-04-18T09:02:34.350+09:00  INFO 99768 --- [           main] SQL dialect                              : HHH000400: Using dialect: org.hibernate.dialect.MySQLDialect, version: 5.5
2023-04-18T09:02:35.660+09:00  INFO 99768 --- [           main] o.h.b.i.BytecodeProviderInitiator        : HHH000021: Bytecode provider name : bytebuddy
2023-04-18T09:02:41.079+09:00  INFO 99768 --- [           main] o.h.e.t.j.p.i.JtaPlatformInitiator       : HHH000490: Using JtaPlatform implementation: [org.hibernate.engine.transaction.jta.platform.internal.NoJtaPlatform]
2023-04-18T09:02:41.702+09:00  INFO 99768 --- [           main] j.LocalContainerEntityManagerFactoryBean : Initialized JPA EntityManagerFactory for persistence unit 'default'
2023-04-18T09:02:44.407+09:00  WARN 99768 --- [           main] JpaBaseConfiguration$JpaWebConfiguration : spring.jpa.open-in-view is enabled by default. Therefore, database queries may be performed during view rendering. Explicitly configure spring.jpa.open-in-view to disable this warning
2023-04-18T09:02:46.572+09:00  INFO 99768 --- [           main] c.csc340sp23.fam3.Fam3ApplicationTests   : Started Fam3ApplicationTests in 28.661 seconds (process running for 33.174)
]]></system-out>
  </testcase>
</testsuite>